# JRE version: Java(TM) SE Runtime Environment (8.0_60-b27) (build 1.8.0_60-b27)
# Java VM: Java HotSpot(TM) 64-Bit Server VM (25.60-b23 mixed mode windows-amd64 compressed oops)
Heap:
 PSYoungGen      total 123904K, used 101661K [0x00000000eab00000, 0x00000000f5a00000, 0x0000000100000000)
  eden space 114688K, 85% used [0x00000000eab00000,0x00000000f0a6bbf8,0x00000000f1b00000)
  from space 9216K, 42% used [0x00000000f1b00000,0x00000000f1edbbd0,0x00000000f2400000)
  to   space 8704K, 0% used [0x00000000f5180000,0x00000000f5180000,0x00000000f5a00000)
 ParOldGen       total 40960K, used 13713K [0x00000000c0000000, 0x00000000c2800000, 0x00000000eab00000)
  object space 40960K, 33% used [0x00000000c0000000,0x00000000c0d647f8,0x00000000c2800000)
 Metaspace       used 23491K, capacity 24140K, committed 24320K, reserved 1071104K
  class space    used 3049K, capacity 3276K, committed 3328K, reserved 1048576K
GC Heap History (10 events):
Event: 5.265 GC heap before
{Heap before GC invocations=4 (full 0):
 PSYoungGen      total 33280K, used 33248K [0x00000000eab00000, 0x00000000eec00000, 0x0000000100000000)
  eden space 30720K, 100% used [0x00000000eab00000,0x00000000ec900000,0x00000000ec900000)
  from space 2560K, 98% used [0x00000000ec900000,0x00000000ecb78020,0x00000000ecb80000)
  to   space 2560K, 0% used [0x00000000ee980000,0x00000000ee980000,0x00000000eec00000)
 ParOldGen       total 40960K, used 4327K [0x00000000c0000000, 0x00000000c2800000, 0x00000000eab00000)
  object space 40960K, 10% used [0x00000000c0000000,0x00000000c0439e80,0x00000000c2800000)
 Metaspace       used 17889K, capacity 18314K, committed 18560K, reserved 1064960K
  class space    used 2438K, capacity 2563K, committed 2688K, reserved 1048576K
Event: 5.293 GC heap after
Heap after GC invocations=4 (full 0):
 PSYoungGen      total 64000K, used 2528K [0x00000000eab00000, 0x00000000eec00000, 0x0000000100000000)
  eden space 61440K, 0% used [0x00000000eab00000,0x00000000eab00000,0x00000000ee700000)
  from space 2560K, 98% used [0x00000000ee980000,0x00000000eebf8020,0x00000000eec00000)
  to   space 2560K, 0% used [0x00000000ee700000,0x00000000ee700000,0x00000000ee980000)
 ParOldGen       total 40960K, used 9097K [0x00000000c0000000, 0x00000000c2800000, 0x00000000eab00000)
  object space 40960K, 22% used [0x00000000c0000000,0x00000000c08e2758,0x00000000c2800000)
 Metaspace       used 17889K, capacity 18314K, committed 18560K, reserved 1064960K
  class space    used 2438K, capacity 2563K, committed 2688K, reserved 1048576K
}
Event: 5.833 GC heap before
{Heap before GC invocations=5 (full 0):
 PSYoungGen      total 64000K, used 20833K [0x00000000eab00000, 0x00000000eec00000, 0x0000000100000000)
  eden space 61440K, 29% used [0x00000000eab00000,0x00000000ebce0750,0x00000000ee700000)
  from space 2560K, 98% used [0x00000000ee980000,0x00000000eebf8020,0x00000000eec00000)
  to   space 2560K, 0% used [0x00000000ee700000,0x00000000ee700000,0x00000000ee980000)
 ParOldGen       total 40960K, used 9097K [0x00000000c0000000, 0x00000000c2800000, 0x00000000eab00000)
  object space 40960K, 22% used [0x00000000c0000000,0x00000000c08e2758,0x00000000c2800000)
 Metaspace       used 20673K, capacity 21046K, committed 21248K, reserved 1067008K
  class space    used 2824K, capacity 2981K, committed 3072K, reserved 1048576K
Event: 5.886 GC heap after
Heap after GC invocations=5 (full 0):
 PSYoungGen      total 64000K, used 2532K [0x00000000eab00000, 0x00000000f3400000, 0x0000000100000000)
  eden space 61440K, 0% used [0x00000000eab00000,0x00000000eab00000,0x00000000ee700000)
  from space 2560K, 98% used [0x00000000ee700000,0x00000000ee979100,0x00000000ee980000)
  to   space 8704K, 0% used [0x00000000f2b80000,0x00000000f2b80000,0x00000000f3400000)
 ParOldGen       total 40960K, used 11975K [0x00000000c0000000, 0x00000000c2800000, 0x00000000eab00000)
  object space 40960K, 29% used [0x00000000c0000000,0x00000000c0bb1ec0,0x00000000c2800000)
 Metaspace       used 20673K, capacity 21046K, committed 21248K, reserved 1067008K
  class space    used 2824K, capacity 2981K, committed 3072K, reserved 1048576K
}
Event: 5.886 GC heap before
{Heap before GC invocations=6 (full 1):
 PSYoungGen      total 64000K, used 2532K [0x00000000eab00000, 0x00000000f3400000, 0x0000000100000000)
  eden space 61440K, 0% used [0x00000000eab00000,0x00000000eab00000,0x00000000ee700000)
  from space 2560K, 98% used [0x00000000ee700000,0x00000000ee979100,0x00000000ee980000)
  to   space 8704K, 0% used [0x00000000f2b80000,0x00000000f2b80000,0x00000000f3400000)
 ParOldGen       total 40960K, used 11975K [0x00000000c0000000, 0x00000000c2800000, 0x00000000eab00000)
  object space 40960K, 29% used [0x00000000c0000000,0x00000000c0bb1ec0,0x00000000c2800000)
 Metaspace       used 20673K, capacity 21046K, committed 21248K, reserved 1067008K
  class space    used 2824K, capacity 2981K, committed 3072K, reserved 1048576K
Event: 6.040 GC heap after
Heap after GC invocations=6 (full 1):
 PSYoungGen      total 64000K, used 0K [0x00000000eab00000, 0x00000000f3400000, 0x0000000100000000)
  eden space 61440K, 0% used [0x00000000eab00000,0x00000000eab00000,0x00000000ee700000)
  from space 2560K, 0% used [0x00000000ee700000,0x00000000ee700000,0x00000000ee980000)
  to   space 8704K, 0% used [0x00000000f2b80000,0x00000000f2b80000,0x00000000f3400000)
 ParOldGen       total 40960K, used 13697K [0x00000000c0000000, 0x00000000c2800000, 0x00000000eab00000)
  object space 40960K, 33% used [0x00000000c0000000,0x00000000c0d607f8,0x00000000c2800000)
 Metaspace       used 20673K, capacity 21046K, committed 21248K, reserved 1067008K
  class space    used 2824K, capacity 2981K, committed 3072K, reserved 1048576K
}
Event: 6.593 GC heap before
{Heap before GC invocations=7 (full 1):
 PSYoungGen      total 64000K, used 61440K [0x00000000eab00000, 0x00000000f3400000, 0x0000000100000000)
  eden space 61440K, 100% used [0x00000000eab00000,0x00000000ee700000,0x00000000ee700000)
  from space 2560K, 0% used [0x00000000ee700000,0x00000000ee700000,0x00000000ee980000)
  to   space 8704K, 0% used [0x00000000f2b80000,0x00000000f2b80000,0x00000000f3400000)
 ParOldGen       total 40960K, used 13697K [0x00000000c0000000, 0x00000000c2800000, 0x00000000eab00000)
  object space 40960K, 33% used [0x00000000c0000000,0x00000000c0d607f8,0x00000000c2800000)
 Metaspace       used 21191K, capacity 21596K, committed 21760K, reserved 1069056K
  class space    used 2887K, capacity 3014K, committed 3072K, reserved 1048576K
Event: 6.625 GC heap after
Heap after GC invocations=7 (full 1):
 PSYoungGen      total 102912K, used 1268K [0x00000000eab00000, 0x00000000f2d00000, 0x0000000100000000)
  eden space 101376K, 0% used [0x00000000eab00000,0x00000000eab00000,0x00000000f0e00000)
  from space 1536K, 82% used [0x00000000f2b80000,0x00000000f2cbd118,0x00000000f2d00000)
  to   space 9216K, 0% used [0x00000000f1b00000,0x00000000f1b00000,0x00000000f2400000)
 ParOldGen       total 40960K, used 13705K [0x00000000c0000000, 0x00000000c2800000, 0x00000000eab00000)
  object space 40960K, 33% used [0x00000000c0000000,0x00000000c0d627f8,0x00000000c2800000)
 Metaspace       used 21191K, capacity 21596K, committed 21760K, reserved 1069056K
  class space    used 2887K, capacity 3014K, committed 3072K, reserved 1048576K
}
Event: 8.456 GC heap before
{Heap before GC invocations=8 (full 1):
 PSYoungGen      total 102912K, used 102644K [0x00000000eab00000, 0x00000000f2d00000, 0x0000000100000000)
  eden space 101376K, 100% used [0x00000000eab00000,0x00000000f0e00000,0x00000000f0e00000)
  from space 1536K, 82% used [0x00000000f2b80000,0x00000000f2cbd118,0x00000000f2d00000)
  to   space 9216K, 0% used [0x00000000f1b00000,0x00000000f1b00000,0x00000000f2400000)
 ParOldGen       total 40960K, used 13705K [0x00000000c0000000, 0x00000000c2800000, 0x00000000eab00000)
  object space 40960K, 33% used [0x00000000c0000000,0x00000000c0d627f8,0x00000000c2800000)
 Metaspace       used 23488K, capacity 24140K, committed 24320K, reserved 1071104K
  class space    used 3049K, capacity 3276K, committed 3328K, reserved 1048576K
Event: 8.472 GC heap after
Heap after GC invocations=8 (full 1):
 PSYoungGen      total 123904K, used 3950K [0x00000000eab00000, 0x00000000f5a00000, 0x0000000100000000)
  eden space 114688K, 0% used [0x00000000eab00000,0x00000000eab00000,0x00000000f1b00000)
  from space 9216K, 42% used [0x00000000f1b00000,0x00000000f1edbbd0,0x00000000f2400000)
  to   space 8704K, 0% used [0x00000000f5180000,0x00000000f5180000,0x00000000f5a00000)
 ParOldGen       total 40960K, used 13713K [0x00000000c0000000, 0x00000000c2800000, 0x00000000eab00000)
  object space 40960K, 33% used [0x00000000c0000000,0x00000000c0d647f8,0x00000000c2800000)
 Metaspace       used 23488K, capacity 24140K, committed 24320K, reserved 1071104K
  class space    used 3049K, capacity 3276K, committed 3328K, reserved 1048576K
}

