# JRE version: Java(TM) SE Runtime Environment (8.0_60-b27) (build 1.8.0_60-b27)
# Java VM: Java HotSpot(TM) 64-Bit Server VM (25.60-b23 mixed mode windows-amd64 compressed oops)
Heap:
 PSYoungGen      total 189440K, used 6098K [0x00000000eab00000, 0x00000000f7180000, 0x0000000100000000)
  eden space 176640K, 0% used [0x00000000eab00000,0x00000000eab00000,0x00000000f5780000)
  from space 12800K, 47% used [0x00000000f5780000,0x00000000f5d748a0,0x00000000f6400000)
  to   space 9216K, 0% used [0x00000000f6400000,0x00000000f6400000,0x00000000f6d00000)
 ParOldGen       total 50688K, used 23677K [0x00000000c0000000, 0x00000000c3180000, 0x00000000eab00000)
  object space 50688K, 46% used [0x00000000c0000000,0x00000000c171f4c0,0x00000000c3180000)
 Metaspace       used 35991K, capacity 37088K, committed 37208K, reserved 1081344K
  class space    used 4824K, capacity 5235K, committed 5248K, reserved 1048576K
GC Heap History (10 events):
Event: 10.648 GC heap after
Heap after GC invocations=13 (full 1):
 PSYoungGen      total 126976K, used 608K [0x00000000eab00000, 0x00000000f3000000, 0x0000000100000000)
  eden space 119808K, 0% used [0x00000000eab00000,0x00000000eab00000,0x00000000f2000000)
  from space 7168K, 8% used [0x00000000f2700000,0x00000000f2798020,0x00000000f2e00000)
  to   space 7168K, 0% used [0x00000000f2000000,0x00000000f2000000,0x00000000f2700000)
 ParOldGen       total 30720K, used 12696K [0x00000000c0000000, 0x00000000c1e00000, 0x00000000eab00000)
  object space 30720K, 41% used [0x00000000c0000000,0x00000000c0c663c8,0x00000000c1e00000)
 Metaspace       used 23489K, capacity 24086K, committed 24320K, reserved 1071104K
  class space    used 3049K, capacity 3275K, committed 3328K, reserved 1048576K
}
Event: 12.579 GC heap before
{Heap before GC invocations=14 (full 1):
 PSYoungGen      total 126976K, used 120416K [0x00000000eab00000, 0x00000000f3000000, 0x0000000100000000)
  eden space 119808K, 100% used [0x00000000eab00000,0x00000000f2000000,0x00000000f2000000)
  from space 7168K, 8% used [0x00000000f2700000,0x00000000f2798020,0x00000000f2e00000)
  to   space 7168K, 0% used [0x00000000f2000000,0x00000000f2000000,0x00000000f2700000)
 ParOldGen       total 30720K, used 12696K [0x00000000c0000000, 0x00000000c1e00000, 0x00000000eab00000)
  object space 30720K, 41% used [0x00000000c0000000,0x00000000c0c663c8,0x00000000c1e00000)
 Metaspace       used 26895K, capacity 27786K, committed 28032K, reserved 1073152K
  class space    used 3578K, capacity 3887K, committed 3968K, reserved 1048576K
Event: 12.886 GC heap after
Heap after GC invocations=14 (full 1):
 PSYoungGen      total 126976K, used 7163K [0x00000000eab00000, 0x00000000f6d00000, 0x0000000100000000)
  eden space 119808K, 0% used [0x00000000eab00000,0x00000000eab00000,0x00000000f2000000)
  from space 7168K, 99% used [0x00000000f2000000,0x00000000f26fed68,0x00000000f2700000)
  to   space 9216K, 0% used [0x00000000f6400000,0x00000000f6400000,0x00000000f6d00000)
 ParOldGen       total 30720K, used 14151K [0x00000000c0000000, 0x00000000c1e00000, 0x00000000eab00000)
  object space 30720K, 46% used [0x00000000c0000000,0x00000000c0dd1c10,0x00000000c1e00000)
 Metaspace       used 26895K, capacity 27786K, committed 28032K, reserved 1073152K
  class space    used 3578K, capacity 3887K, committed 3968K, reserved 1048576K
}
Event: 15.646 GC heap before
{Heap before GC invocations=15 (full 1):
 PSYoungGen      total 126976K, used 110083K [0x00000000eab00000, 0x00000000f6d00000, 0x0000000100000000)
  eden space 119808K, 85% used [0x00000000eab00000,0x00000000f0f82260,0x00000000f2000000)
  from space 7168K, 99% used [0x00000000f2000000,0x00000000f26fed68,0x00000000f2700000)
  to   space 9216K, 0% used [0x00000000f6400000,0x00000000f6400000,0x00000000f6d00000)
 ParOldGen       total 30720K, used 14151K [0x00000000c0000000, 0x00000000c1e00000, 0x00000000eab00000)
  object space 30720K, 46% used [0x00000000c0000000,0x00000000c0dd1c10,0x00000000c1e00000)
 Metaspace       used 34258K, capacity 35396K, committed 35416K, reserved 1079296K
  class space    used 4559K, capacity 4986K, committed 4992K, reserved 1048576K
Event: 15.667 GC heap after
Heap after GC invocations=15 (full 1):
 PSYoungGen      total 185856K, used 9201K [0x00000000eab00000, 0x00000000f7180000, 0x0000000100000000)
  eden space 176640K, 0% used [0x00000000eab00000,0x00000000eab00000,0x00000000f5780000)
  from space 9216K, 99% used [0x00000000f6400000,0x00000000f6cfc438,0x00000000f6d00000)
  to   space 12800K, 0% used [0x00000000f5780000,0x00000000f5780000,0x00000000f6400000)
 ParOldGen       total 30720K, used 20148K [0x00000000c0000000, 0x00000000c1e00000, 0x00000000eab00000)
  object space 30720K, 65% used [0x00000000c0000000,0x00000000c13ad260,0x00000000c1e00000)
 Metaspace       used 34258K, capacity 35396K, committed 35416K, reserved 1079296K
  class space    used 4559K, capacity 4986K, committed 4992K, reserved 1048576K
}
Event: 15.668 GC heap before
{Heap before GC invocations=16 (full 2):
 PSYoungGen      total 185856K, used 9201K [0x00000000eab00000, 0x00000000f7180000, 0x0000000100000000)
  eden space 176640K, 0% used [0x00000000eab00000,0x00000000eab00000,0x00000000f5780000)
  from space 9216K, 99% used [0x00000000f6400000,0x00000000f6cfc438,0x00000000f6d00000)
  to   space 12800K, 0% used [0x00000000f5780000,0x00000000f5780000,0x00000000f6400000)
 ParOldGen       total 30720K, used 20148K [0x00000000c0000000, 0x00000000c1e00000, 0x00000000eab00000)
  object space 30720K, 65% used [0x00000000c0000000,0x00000000c13ad260,0x00000000c1e00000)
 Metaspace       used 34258K, capacity 35396K, committed 35416K, reserved 1079296K
  class space    used 4559K, capacity 4986K, committed 4992K, reserved 1048576K
Event: 15.831 GC heap after
Heap after GC invocations=16 (full 2):
 PSYoungGen      total 185856K, used 0K [0x00000000eab00000, 0x00000000f7180000, 0x0000000100000000)
  eden space 176640K, 0% used [0x00000000eab00000,0x00000000eab00000,0x00000000f5780000)
  from space 9216K, 0% used [0x00000000f6400000,0x00000000f6400000,0x00000000f6d00000)
  to   space 12800K, 0% used [0x00000000f5780000,0x00000000f5780000,0x00000000f6400000)
 ParOldGen       total 50688K, used 23669K [0x00000000c0000000, 0x00000000c3180000, 0x00000000eab00000)
  object space 50688K, 46% used [0x00000000c0000000,0x00000000c171d4c0,0x00000000c3180000)
 Metaspace       used 34191K, capacity 35168K, committed 35416K, reserved 1079296K
  class space    used 4545K, capacity 4918K, committed 4992K, reserved 1048576K
}
Event: 16.591 GC heap before
{Heap before GC invocations=17 (full 2):
 PSYoungGen      total 185856K, used 44981K [0x00000000eab00000, 0x00000000f7180000, 0x0000000100000000)
  eden space 176640K, 25% used [0x00000000eab00000,0x00000000ed6ed730,0x00000000f5780000)
  from space 9216K, 0% used [0x00000000f6400000,0x00000000f6400000,0x00000000f6d00000)
  to   space 12800K, 0% used [0x00000000f5780000,0x00000000f5780000,0x00000000f6400000)
 ParOldGen       total 50688K, used 23669K [0x00000000c0000000, 0x00000000c3180000, 0x00000000eab00000)
  object space 50688K, 46% used [0x00000000c0000000,0x00000000c171d4c0,0x00000000c3180000)
 Metaspace       used 35991K, capacity 37088K, committed 37208K, reserved 1081344K
  class space    used 4824K, capacity 5235K, committed 5248K, reserved 1048576K
Event: 16.646 GC heap after
Heap after GC invocations=17 (full 2):
 PSYoungGen      total 189440K, used 6098K [0x00000000eab00000, 0x00000000f7180000, 0x0000000100000000)
  eden space 176640K, 0% used [0x00000000eab00000,0x00000000eab00000,0x00000000f5780000)
  from space 12800K, 47% used [0x00000000f5780000,0x00000000f5d748a0,0x00000000f6400000)
  to   space 9216K, 0% used [0x00000000f6400000,0x00000000f6400000,0x00000000f6d00000)
 ParOldGen       total 50688K, used 23677K [0x00000000c0000000, 0x00000000c3180000, 0x00000000eab00000)
  object space 50688K, 46% used [0x00000000c0000000,0x00000000c171f4c0,0x00000000c3180000)
 Metaspace       used 35991K, capacity 37088K, committed 37208K, reserved 1081344K
  class space    used 4824K, capacity 5235K, committed 5248K, reserved 1048576K
}
Event: 16.646 GC heap before
{Heap before GC invocations=18 (full 3):
 PSYoungGen      total 189440K, used 6098K [0x00000000eab00000, 0x00000000f7180000, 0x0000000100000000)
  eden space 176640K, 0% used [0x00000000eab00000,0x00000000eab00000,0x00000000f5780000)
  from space 12800K, 47% used [0x00000000f5780000,0x00000000f5d748a0,0x00000000f6400000)
  to   space 9216K, 0% used [0x00000000f6400000,0x00000000f6400000,0x00000000f6d00000)
 ParOldGen       total 50688K, used 23677K [0x00000000c0000000, 0x00000000c3180000, 0x00000000eab00000)
  object space 50688K, 46% used [0x00000000c0000000,0x00000000c171f4c0,0x00000000c3180000)
 Metaspace       used 35991K, capacity 37088K, committed 37208K, reserved 1081344K
  class space    used 4824K, capacity 5235K, committed 5248K, reserved 1048576K

